C51 COMPILER V9.57.0.0   EXP10                                                             04/04/2018 11:31:09 PAGE 1   


C51 COMPILER V9.57.0.0, COMPILATION OF MODULE EXP10
OBJECT MODULE PLACED IN .\Objects\exp10.obj
COMPILER INVOKED BY: C:\Keil_v5\C51\BIN\C51.EXE exp10.c OPTIMIZE(8,SPEED) BROWSE DEBUG OBJECTEXTEND PRINT(.\Listings\exp
                    -10.lst) TABS(2) OBJECT(.\Objects\exp10.obj)

line level    source

   1          /*WAP to activate buzzer by using port p1 */
   2          #include<reg51.h>
   3          void delay()
   4          {
   5   1      int j;
   6   1      for(j=0;j<20000;j++)
   7   1      {}
   8   1      }
   9          void main()
  10          {
  11   1      while(1)
  12   1      {
  13   2      P1=0x03;
  14   2      delay();
  15   2      delay();
  16   2      }
  17   1      }


MODULE INFORMATION:   STATIC OVERLAYABLE
   CODE SIZE        =     26    ----
   CONSTANT SIZE    =   ----    ----
   XDATA SIZE       =   ----    ----
   PDATA SIZE       =   ----    ----
   DATA SIZE        =   ----    ----
   IDATA SIZE       =   ----    ----
   BIT SIZE         =   ----    ----
END OF MODULE INFORMATION.


C51 COMPILATION COMPLETE.  0 WARNING(S),  0 ERROR(S)
