C51 COMPILER V9.57.0.0   EXP8                                                              04/04/2018 11:40:15 PAGE 1   


C51 COMPILER V9.57.0.0, COMPILATION OF MODULE EXP8
OBJECT MODULE PLACED IN .\Objects\exp8.obj
COMPILER INVOKED BY: C:\Keil_v5\C51\BIN\C51.EXE exp8.c OPTIMIZE(8,SPEED) BROWSE DEBUG OBJECTEXTEND PRINT(.\Listings\exp8
                    -.lst) TABS(2) OBJECT(.\Objects\exp8.obj)

line level    source

   1          /*WAP to toggle d0bit of port P2 50,000 times in c */
   2          #include<reg51.h>
   3          sbit mybit=P2^0;
   4          void ms_delay(unsigned int);
   5          void main(void)
   6          {
   7   1        unsigned int x;
   8   1      for(x=0;x<=50000;x++)
   9   1      {
  10   2      mybit=0;
  11   2      ms_delay(500);
  12   2      mybit=1;
  13   2      ms_delay(500);
  14   2      }
  15   1      }
  16          void ms_delay(unsigned int y)
  17          {
  18   1      unsigned int x,z;
  19   1      {
  20   2      for(x=0;x<=y;x++)
  21   2      {
  22   3      for(z=0;z<=1275;z++)
  23   3      {}
  24   3      }
  25   2      }
  26   1      }


MODULE INFORMATION:   STATIC OVERLAYABLE
   CODE SIZE        =     85    ----
   CONSTANT SIZE    =   ----    ----
   XDATA SIZE       =   ----    ----
   PDATA SIZE       =   ----    ----
   DATA SIZE        =   ----       2
   IDATA SIZE       =   ----    ----
   BIT SIZE         =   ----    ----
END OF MODULE INFORMATION.


C51 COMPILATION COMPLETE.  0 WARNING(S),  0 ERROR(S)
